[   0.0000000] Initializing cgroup subsys cpuset
[    0.000000] Initializing cgroup subsys cpu
[    0.000000] Initializing cgroup subsys cpuacct
[    0.000000] Linux version 4.4.0-93-generic (buildd@lgw01-03) (gcc version 5.4.0 20160609 (Ubuntu 5.4.0-6ubuntu1~16.04.4) ) #116-Ubuntu SMP Fri Aug 11 21:17:51 UTC 2017 (Ubuntu 4.4.0-93.116-generic 4.4.79)
[    0.000000] Command line: BOOT_IMAGE=/boot/vmlinuz-4.4.0-93-generic root=LABEL=cloudimg-rootfs ro console=tty1 conslle=ttyS0
[    0.000000] KERNEL supported cpus:
[    0.000000]   Intel GenuineIntel
[    0.000000]   AMD AuthenticAMD
[    0.000000]  CCentaur CentaurHauls
[    0.000000] x86/fpu: xstate_offset[2]:  576, xstate_sizes[2]:  256
[    0.000000] x86/fpu: Supporting XSAVE feature 0x01: 'x87 floating point registers'
[    0.000000] x86/fpu: Supporting XSAVE feature 0x02: 'SSE registers'
[    0.000000] x86/fpu: Supporting XSAVE feature 0x04: 'AVX registers'
[    0.000000] x86/fpu: Enabled xstate features 0x7, context size is 832 bytes, using 'standard' format.
[    0.000000] x86/fpu: Using 'lazy' FPU context switches.
[    0.000000] e820: BIOS-provided physical RAM map:
[    0.000000] BIOS-e820: [mem 0x0000000000000000-0x000000000009fbff] usable
[    0.000000] BIOS-e820: [mem 0x000000000009fc00-0x000000000009ffff] reserved
[    0.000000] BIOS-e820: [mem 0x00000000000f0000-0x00000000000fffff] reserved
[    0.000000] BIOS-e820: [mem 0x0000000000100000-0x00000000181effff] usable
[    0.000000] BIOS-e820: [mem 0x00000000181f0000-0x00000000181fffff] ACPI data
[    0.000000] BIOS-e820: [mem 0x00000000fec00000-0x00000000fec00fff] reserved
[    0.000000] BIS-e820: [mem 0x00000000fee00000-0x000000000fee00fff] reserved
[    0.000000] BIOS-e820: [mem 0x00000000fffc0000-0x00000000ffffffff] reserved
[    0.000000] NX (Execute Disable) protection: active
[    0.000000] SMBIOS 2.5 present.
[    0.000000] Hypervisor detected: KVM
[    0.000000] e820: last_pfn = 0x181f0 max_arch_pfn = 0x400000000
[    0.000000] MTRR: Disabled
[    0.000000] x86/PAT: MTRRs disabled, skipping PAT initialization too.
[    0.000000] CPU MTRRs all blank - virtualized system.
[    0.000000] x86/PAT: Configuration [0-7]: WB  WT  UC- UC  WB  WT  UC- UC  
[    0.000000] found SMP MP-table at [mem 0x0009fff0-0x0009ffff] mapped at [ffff88000009fff0]
[    0.000000] Scanning 1 areas for low memory corruption
[    0.000000] RAMDISK: [mem 0x16f03000-0x1798dfff]
[    0.000000] ACPI: Early table checksum verification disabled
[    0.000000] ACPI: RSDP 0x00000000000E0000 000024 (v02 VBOX  )
[    0.000000] ACPI: XSDT 0x00000000181F0030 00003C (v01 VBOX   VBOXXSDT 00000001 ASL  00000061)
[    0.000000] ACPI: FACP 0x00000000181F00F0 0000F4 (v04 VBOX   VBOXFACP 00000001 ASL  00000061)
[    0.000000] ACPI: DSDT 0x00000000181F0470 0021FF (v02 VBOX   VBOXBIOS 00000002 INTL 20160108)
[    0.000000] ACPI: FACS 0x00000000181F0200 000040
[    0.000000] ACPI: FACS 0x00000000181F0200 000040
[    0.000000] ACPI: APIC 0x00000000181F0240 000054 (v02 VBOX   VBOXAPIC 00000001 ASL  00000061)
[    0.000000] ACPI: SSDT 0x00000000181F02A0 0001CC (v01 VBOX   VBOXCPUT 00000002 INTL 20160108)
[    0.000000] No NUMA configuration found
[    0.000000] Faking a node at [mem 0x0000000000000000-0x00000000181effff]
[    0.000000] NODE_DATA(0) allocated [mem 0x181eb000-0x181effff]
[    0.000000] kvm-clock: Using msrs 4b564d01 and 4b564d00
[    0.000000] kvm-clock: cpu 0, msr 0:181e3001, primary cpu clock
[    0.000000] kvm-clock: using sched offset of 3254747321 cycles
[    0.000000] clocksource: kvm-clock: mask: 0xffffffffffffffff max_cycles: 0x1cd42e4dffb, max_idle_ns: 881590591483 ns
[    0.000000] Section 2 and 3 (node 0) have a circular dependency on usemap and pgdat allocations
[    0.000000] Zone ranges:
[    0.000000]   DMA      [mem 0x0000000000001000-0x0000000000ffffff]
[    0.000000]   DMA32    [mem 0x0000000001000000-0x00000000181effff]
[    0.000000]   Normal   empty
[    0.000000]   Device   empty
[    0.000000] Movable zone start for each node
[    0.000000] Early memory node ranges
[    0.000000]   node   0: [mem 0x0000000000001000-0x000000000009efff]
[    0.000000]   node   0: [mem 0x0000000000100000-0x00000000181effff]
[    0.000000] Initmem setup node 0 [mem 0x0000000000001000-0x00000000181effff]
[    0.000000] ACPI: PM-Timer IO Port: 0x4008
[    0.000000] IOAPIC[0]: apic_id 1, version 32, address 0xfec00000, GSI 0-23
[    0.000000] ACPI: INT_SRC_OVR (bus 0 bus_irq 0 global_irq 2 dfl dfl)
[    0.000000] ACPI: INT_SRC_OVR (bus 0 bus_irq 9 global_irq 9 high level)
[    0.000000] Using ACPI (MADT) for SMP configuration information
[    0.000000] smpboot: Allowing 1 CPUs, 0 hotplug CPUs
[    0.000000] PM: Registered nosave memory: [mem 0x00000000-0x00000fff]
[    0.000000] PM: Registered nosave memory: [mem 0x0009f000-0x0009ffff]
[    0.000000] PM: Registered nosave memory: [mem 0x000a0000-0x000effff]
[    0.000000] PM: Registered nosave memory: [mem 0x000f0000-0x000fffff]
[    0.000000] e820: [mem 0x18200000-0xfebfffff] available for PCI devices
[    0.000000] Booting paravirtualized kernel on KVM
[    0.000000] clocksource: refined-jiffies: mask: 0xffffffff max_cycles: 0xffffffff, max_idle_ns: 7645519600211568 ns
[    0.000000] setup_percpu: NR_CPUS:512 nr_cpumask_bits:512 nr_cpu_ids:1 nr_node_ids:1
[    0.000000] PERCPU: Embedded 34 pages/cpu @ffff880017e00000 s98328 r8192 d32744 u2097152
[    0.000000] PV qspinlock hash table entries: 256 (order: 0, 4096 bytes)
[    0.000000] Built 1 zonelists in Node order, mobility grouping on.  Total pages: 97137
[    0.000000] Policy zone: DMA32
[    0.000000] Kernel command line: BOOT_IMAGE=/boot/vmlinuz-4.4.0-93-generic root=LABEL=cloudimg-rootfs ro console=tty1 console=ttyS0
[    0.000000] PID hash table entries: 2048 (order: 2, 16384 bytes)
[    0.000000] Memory: 356800K/394808K available (8479K kernel code, 1294K rwdata, 3984K rodata, 1492K init, 1316K bss, 38008K reserved, 0K cma-reserved)
[    0.000000] SLUB: HWalign=64, Order=0-3, MinObjects=0, CPUs=1, Nodes=1
[    0.000000] Hierarchical RCU implementation.
[    0.000000] 	Build-time adjustment of leaf fanout to 64.
[    0.000000] 	RCU restricting CPUs from NR_CPUS=512 to nr_cpu_ids=1.
[    0.000000] RCU: Adjusting geometry for rcu_fanout_leaf=64, nr_cpu_ids=1
[    0.000000] NR_IRQS:33024 nr_irqs:256 16
[    0.000000] Console: colour VGA+ 80x25
[    0.000000] console [tty1] enabled
[    0.000000] console [ttyS0] enabled
[    0.000000] tsc: Detected 2394.450 MHz processor
[    0.267983] Calibrating delay loop (skipped) preset value.. 4788.90 BogoMIPS (lpj=9577800)
[    0.269588] pid_max: default: 32768 minimum: 301
[    0.270451] ACPI: Core revision 20150930
[    0.272206] ACPI: 2 ACPI AML tables successfully acquired and loaded
[    0.273427] Security Framework initialized
[    0.274213] Yama: becoming mindful.
[    0.274924] AppArmor: AppArmor initialized
[    0.275802] Dentry cache hash table entries: 65536 (order: 7, 524288 bytes)
[    0.277077] Inode-cache hash table entries: 32768 (order: 6, 262144 bytes)
[    0.278277] Mount-cache hash table entries: 1024 (order: 1, 8192 bytes)
[    0.279392] Mountpoint-cache hash table entries: 1024 (order: 1, 8192 bytes)
[    0.280763] Initializing cgroup subsys io
[    0.285865] Initializing cgroup subsys memory
[    0.286685] Initializing cgroup subsys devices
[    0.287528] Initializing cgroup subsys freezer
[    0.288355] Initializing cgroup subsys net_cls
[    0.289178] Initializing cgroup subsys perf_event
[    0.290040] Initializing cgroup subsys net_prio
[    0.290901] Initializing cgroup subsys hugetlb
[    0.291751] Initializing cgroup subsys pids
[    0.292615] CPU: Physical Processor ID: 0
[    0.294384] mce: CPU supports 0 MCE banks
[    0.305902] process: using mwait in idle threads
[    0.306741] Last level iTLB entries: 4KB 1024, 2MB 1024, 4MB 1024
[    0.307783] Last level dTLB entries: 4KB 1024, 2MB 1024, 4MB 1024, 1GB 4
[    0.331139] Freeing SMP alternatives memory: 32K (ffffffff820ba000 - ffffffff820c2000)
[    0.344413] ftrace: allocating 32136 entries in 126 pages
[    0.395553] smpboot: APIC(0) Converting physical 0 to logical package 0
[    0.403465] smpboot: Max logical packages: 1
[    0.404516] x2apic enabled
[    0.405393] Switched APIC routing to physical x2apic.
[    0.407366] ..TIMER: vector=0x30 apic1=0 pin1=2 apic2=-1 pin2=-1
[    0.515750] smpboot: CPU0: Intel(R) Core(TM) i5-4210U CPU @ 1.70GHz (family: 0x6, model: 0x45, stepping: 0x1)
[    0.525671] Performance Events: unsupported p6 CPU model 69 no PMU driver, software events only.
[    0.527397] KVM setup paravirtual spinlock
[    0.528835] x86: Booted up 1 node, 1 CPUs
[    0.534698] smpboot: Total of 1 processors activated (4788.90 BogoMIPS)
[    0.536073] devtmpfs: initialized
[    0.538735] evm: security.selinux
[    0.545792] evm: security.SMACK64
[    0.546453] evm: security.SMACK64EXEC
[    0.547153] evm: security.SMACK64TRANSMUTE
[    0.547932] evm: security.SMACK64MMAP
[    0.548665] evm: security.ima
[    0.549311] evm: security.capability
[    0.550159] clocksource: jiffies: mask: 0xffffffff max_cycles: 0xffffffff, max_idle_ns: 7645041785100000 ns
[    0.553800] futex hash table entries: 256 (order: 2, 16384 bytes)
[    0.556219] pinctrl core: initialized pinctrl subsystem
[    0.562970] RTC time: 19:19:05, date: 09/16/17
[    0.566028] NET: Registered protocol family 16
[    0.567012] cpuidle: using governor ladder
[    0.567814] cpuidle: using governor menu
[    0.568568] PCCT header not found.
[    0.569310] ACPI: bus type PCI registered
[    0.570062] acpiphp: ACPI Hot Plug PCI Controller Driver version: 0.5
[    0.571294] PCI: Using configuration type 1 for base access
[    0.573423] ACPI: Added _OSI(Module Device)
[    0.575901] ACPI: Added _OSI(Processor Device)
[    0.576724] ACPI: Added _OSI(3.0 _SCP Extensions)
[    0.577582] ACPI: Added _OSI(Processor Aggregator Device)
[    0.579027] ACPI: Executed 1 blocks of module-level executable AML code
[    0.587978] ACPI: Interpreter enabled
[    0.595252] ACPI: (supports S0 S5)
[    0.595942] ACPI: Using IOAPIC for interrupt routing
[    0.596949] PCI: Using host bridge windows from ACPI; if necessary, use "pci=nocrs" and report a bug
[    0.601489] ACPI: PCI Root Bridge [PCI0] (domain 0000 [bus 00-ff])
[    0.606014] acpi PNP0A03:00: _OSC: OS supports [ASPM ClockPM Segments MSI]
[    0.607146] acpi PNP0A03:00: _OSC: not requesting OS control; OS requires [ExtendedConfig ASPM ClockPM MSI]
[    0.608849] acpi PNP0A03:00: fail to add MMCONFIG information, can't access extended PCI configuration space under this bridge.
[    0.611021] PCI host bridge to bus 0000:00
[    0.611822] pci_bus 0000:00: root bus resource [io  0x0000-0x0cf7 window]
[    0.612953] pci_bus 0000:00: root bus resource [io  0x0d00-0xffff window]
[    0.614092] pci_bus 0000:00: root bus resource [mem 0x000a0000-0x000bffff window]
[    0.615596] pci_bus 0000:00: root bus resource [mem 0x18200000-0xffdfffff window]
[    0.617004] pci_bus 0000:00: root bus resource [bus 00-ff]
[    0.619242] pci 0000:00:01.1: legacy IDE quirk: reg 0x10: [io  0x01f0-0x01f7]
[    0.620412] pci 0000:00:01.1: legacy IDE quirk: reg 0x14: [io  0x03f6]
[    0.621544] pci 0000:00:01.1: legacy IDE quirk: reg 0x18: [io  0x0170-0x0177]
[    0.622779] pci 0000:00:01.1: legacy IDE quirk: reg 0x1c: [io  0x0376]
[    0.633134] pci 0000:00:07.0: quirk: [io  0x4000-0x403f] claimed by PIIX4 ACPI
[    0.646535] pci 0000:00:07.0: quirk: [io  0x4100-0x410f] claimed by PIIX4 SMB
[    0.659732] ACPI: PCI Interrupt Link [LNKA] (IRQs 5 9 10 *11)
[    0.672492] ACPI: PCI Interrupt Link [LNKB] (IRQs 5 9 10 *11)
[    0.673905] ACPI: PCI Interrupt Link [LNKC] (IRQs 5 9 *10 11)
[    0.675367] ACPI: PCI Interrupt Link [LNKD] (IRQs 5 *9 10 11)
[    0.676839] ACPI: Enabled 2 GPEs in block 00 to 07
[    0.678055] vgaarb: setting as boot device: PCI:0000:00:02.0
[    0.679017] vgaarb: device added: PCI:0000:00:02.0,decodes=io+mem,owns=io+mem,locks=none
[    0.680516] vgaarb: loaded
[    0.681152] vgaarb: bridge control possible 0000:00:02.0
[    0.682334] SCSI subsystem initialized
[    0.683139] ACPI: bus type USB registered
[    0.685907] usbcore: registered new interface driver usbfs
[    0.686882] usbcore: registered new interface driver hub
[    0.687847] usbcore: registered new device driver usb
[    0.688882] PCI: Using ACPI for IRQ routing
[    0.689913] NetLabel: Initializing
[    0.690615] NetLabel:  domain hash size = 128
[    0.691420] NetLabel:  protocols = UNLABELED CIPSOv4
[    0.692307] NetLabel:  unlabeled traffic allowed by default
[    0.693335] amd_nb: Cannot enumerate AMD northbridges
[    0.696030] clocksource: Switched to clocksource kvm-clock
[    0.702820] AppArmor: AppArmor Filesystem Enabled
[    0.726094] pnp: PnP ACPI init
[    0.727342] pnp: PnP ACPI: found 3 devices
[    0.734888] clocksource: acpi_pm: mask: 0xffffff max_cycles: 0xffffff, max_idle_ns: 2085701024 ns
[    0.756777] NET: Registered protocol family 2
[    0.757775] TCP established hash table entries: 4096 (order: 3, 32768 bytes)
[    0.763408] TCP bind hash table entries: 4096 (order: 4, 65536 bytes)
[    0.764492] TCP: Hash tables configured (established 4096 bind 4096)
[    0.765610] UDP hash table entries: 256 (order: 1, 8192 bytes)
[    0.766621] UDP-Lite hash table entries: 256 (order: 1, 8192 bytes)
[    0.767714] NET: Registered protocol family 1
[    0.768554] pci 0000:00:00.0: Limiting direct PCI/PCI transfers
[    0.769637] pci 0000:00:01.0: Activating ISA DMA hang workarounds
[    0.770819] Unpacking initramfs...
[    2.663561] Freeing initrd memory: 10796K (ffff880016f03000 - ffff88001798e000)
[    2.686595] RAPL PMU detected, API unit is 2^-32 Joules, 4 fixed counters 10737418240 ms ovfl timer
[    2.691034] hw unit of domain pp0-core 2^-0 Joules
[    2.691900] hw unit of domain package 2^-0 Joules
[    2.692771] hw unit of domain dram 2^-0 Joules
[    2.693596] hw unit of domain pp1-gpu 2^-0 Joules
[    2.694487] platform rtc_cmos: registered platform RTC device (no PNP device found)
[    2.695972] Scanning for low memory corruption every 60 seconds
[    2.697274] audit: initializing netlink subsys (disabled)
[    2.703580] audit: type=2000 audit(1505589552.184:1): initialized
[    2.704899] Initialise system trusted keyring
[    2.711982] HugeTLB registered 2 MB page size, pre-allocated 0 pages
[    2.717413] zbud: loaded
[    2.723414] VFS: Disk quotas dquot_6.6.0
[    2.725900] VFS: Dquot-cache hash table entries: 512 (order 0, 4096 bytes)
[    2.727260] squashfs: version 4.0 (2009/01/31) Phillip Lougher
[    2.728469] fuse init (API version 7.23)
[    2.729414] Key type big_key registered
[    2.735142] Allocating IMA MOK and blacklist keyrings.
[    2.736242] Key type asymmetric registered
[    2.737052] Asymmetric key parser 'x509' registered
[    2.737999] Block layer SCSI generic (bsg) driver version 0.4 loaded (major 249)
[    2.739421] io scheduler noop registered
[    2.740211] io scheduler deadline registered (default)
[    2.741178] io scheduler cfq registered
[    2.742038] pci_hotplug: PCI Hot Plug PCI Core version: 0.5
[    2.742996] pciehp: PCI Express Hot Plug Controller Driver version: 0.4
[    2.744244] ACPI: AC Adapter [AC] (on-line)
[    2.745102] input: Power Button as /devices/LNXSYSTM:00/LNXPWRBN:00/input/input0
[    2.747571] ACPI: Power Button [PWRF]
[    2.748942] input: Sleep Button as /devices/LNXSYSTM:00/LNXSLPBN:00/input/input1
[    2.750503] ACPI: Sleep Button [SLPF]
[    2.751792] ACPI: Battery Slot [BAT0] (battery present)
[    2.756045] GHES: HEST is not enabled!
[    2.756884] Serial: 8250/16550 driver, 32 ports, IRQ sharing enabled
[    2.779497] 00:02: ttyS0 at I/O 0x3f8 (irq = 4, base_baud = 115200) is a 16550A
[    2.787469] Linux agpgart interface v0.103
[    2.796805] loop: module loaded
[    2.804311] scsi host0: ata_piix
[    2.812378] scsi host1: ata_piix
[    2.813078] ata1: PATA max UDMA/33 cmd 0x1f0 ctl 0x3f6 bmdma 0xd000 irq 14
[    2.814201] ata2: PATA max UDMA/33 cmd 0x170 ctl 0x376 bmdma 0xd008 irq 15
[    2.815798] libphy: Fixed MDIO Bus: probed
[    2.816587] tun: Universal TUN/TAP device driver, 1.6
[    2.823950] tun: (C) 1999-2004 Max Krasnyansky <maxk@qualcomm.com>
[    2.825118] PPP generic driver version 2.4.2
[    2.825999] ehci_hcd: USB 2.0 'Enhanced' Host Controller (EHCI) Driver
[    2.827071] ehci-pci: EHCI PCI platform driver
[    2.875492] ehci-platform: EHCI generic platform driver
[    3.055862] ohci_hcd: USB 1.1 'Open' Host Controller (OHCI) Driver
[    3.056916] ohci-pci: OHCI PCI platform driver
[    3.057749] ohci-platform: OHCI generic platform driver
[    3.058657] uhci_hcd: USB Universal Host Controller Interface driver
[    3.059762] i8042: PNP: PS/2 Controller [PNP0303:PS2K,PNP0f03:PS2M] at 0x60,0x64 irq 1,12
[    3.061722] serio: i8042 KBD port at 0x60,0x64 irq 1
[    3.062595] serio: i8042 AUX port at 0x60,0x64 irq 12
[    3.063587] mousedev: PS/2 mouse device common for all mice
[    3.064800] input: AT Translated Set 2 keyboard as /devices/platform/i8042/serio0/input/input2
[    3.066677] rtc_cmos rtc_cmos: rtc core: registered rtc_cmos as rtc0
[    3.067767] rtc_cmos rtc_cmos: alarms up to one day, 114 bytes nvram
[    3.068828] i2c /dev entries driver
[    3.069584] device-mapper: uevent: version 1.0.3
[    3.070474] device-mapper: ioctl: 4.34.0-ioctl (2015-10-28) initialised: dm-devel@redhat.com
[    3.071990] ledtrig-cpu: registered to indicate activity on CPUs
[    3.073300] NET: Registered protocol family 10
[    3.074281] NET: Registered protocol family 17
[    3.075131] Key type dns_resolver registered
[    3.077266] microcode: CPU0 sig=0x40651, pf=0x40, revision=0x0
[    3.078288] microcode: Microcode Update Driver: v2.01 <tigran@aivazian.fsnet.co.uk>, Peter Oruba
[    3.079972] registered taskstats version 1
[    3.080790] Loading compiled-in X.509 certificates
[    3.082421] Loaded X.509 cert 'Build time autogenerated kernel key: a6f98c496ad22cf23b77f8fe21ff88c41791cbd4'
[    3.084117] zswap: loaded using pool lzo/zbud
[    3.086400] Key type trusted registered
[    3.089625] Key type encrypted registered
[    3.090403] AppArmor: AppArmor sha1 policy hashing enabled
[    3.091335] ima: No TPM chip found, activating TPM-bypass!
[    3.092277] evm: HMAC attrs: 0x1
[    3.093170]   Magic number: 1:508:344
[    3.093915] tty tty61: hash matches
[    3.094651] rtc_cmos rtc_cmos: setting system clock to 2017-09-16 19:19:08 UTC (1505589548)
[    3.096217] BIOS EDD facility v0.16 2004-Jun-25, 0 devices found
[    3.097248] EDD information not available.
[    3.099339] Freeing unused kernel memory: 1492K (ffffffff81f45000 - ffffffff820ba000)
[    3.100776] Write protecting the kernel read-only data: 14336k
[    3.102193] Freeing unused kernel memory: 1748K (ffff88000184b000 - ffff880001a00000)
[    3.103876] Freeing unused kernel memory: 112K (ffff880001de4000 - ffff880001e00000)
Loading, please wait...
starting version[    3.116465] random: udevadm: uninitialized urandom read (16 bytes read, 2 bits of entropy available)
 229
[    3.118215] random: udevadm: uninitialized urandom read (16 bytes read, 2 bits of entropy available)
[    3.119887] random: udevadm: uninitialized urandom read (16 bytes read, 2 bits of entropy available)
[    3.131315] random: systemd-udevd: uninitialized urandom read (16 bytes read, 2 bits of entropy available)
[    3.133093] random: systemd-udevd: uninitialized urandom read (16 bytes read, 2 bits of entropy available)
[    3.134766] random: systemd-udevd: uninitialized urandom read (16 bytes read, 2 bits of entropy available)
[    3.138479] random: systemd-udevd: uninitialized urandom read (16 bytes read, 2 bits of entropy available)
[    3.141053] random: udevadm: uninitialized urandom read (16 bytes read, 2 bits of entropy available)
[    3.142743] random: udevadm: uninitialized urandom read (16 bytes read, 2 bits of entropy available)
[    3.144384] random: udevadm: uninitialized urandom read (16 bytes read, 2 bits of entropy available)
[    3.196306] e1000: Intel(R) PRO/1000 Network Driver - version 7.3.21-k8-NAPI
[    3.226195] e1000: Copyright (c) 1999-2006 Intel Corporation.
[    3.234272] Fusion MPT base driver 3.04.20
[    3.335563] Copyright (c) 1999-2008 LSI Corporation
[    3.399191] AVX version of gcm_enc/dec engaged.
[    3.405922] AES CTR mode by8 optimization enabled
[    3.429757] Fusion MPT SPI Host driver 3.04.20
[    3.568561] input: ImExPS/2 Generic Explorer Mouse as /devices/platform/i8042/serio1/input/input4
[    3.695205] tsc: Refined TSC clocksource calibration: 2396.053 MHz
[    3.965530] clocksource: tsc: mask: 0xffffffffffffffff max_cycles: 0x2289a6e9b73, max_idle_ns: 440795255654 ns
[    4.136158] e1000 0000:00:03.0 eth0: (PCI:33MHz:32-bit) 02:6d:48:63:12:0d
[    4.186108] e1000 0000:00:03.0 eth0: Intel(R) PRO/1000 Network Connection
[    4.188563] e1000 0000:00:03.0 enp0s3: renamed from eth0
[    4.190528] mptbase: ioc0: Initiating bringup
[    4.308428] ioc0: LSI53C1030 A0: Capabilities={Initiator}
[    4.533939] scsi host2: ioc0: LSI53C1030 A0, FwRev=00000000h, Ports=1, MaxQ=256, IRQ=20
[    4.644835] scsi 2:0:0:0: Direct-Access     VBOX     HARDDISK         1.0  PQ: 0 ANSI: 5
[    5.394821] scsi target2:0:0: Beginning Domain Validation
[    5.516798] scsi target2:0:0: Domain Validation skipping write tests
[    5.524789] scsi target2:0:0: Ending Domain Validation
[    5.565903] scsi target2:0:0: asynchronous
[    5.566959] scsi 2:0:1:0: Direct-Access     VBOX     HARDDISK         1.0  PQ: 0 ANSI: 5
[    5.570606] scsi target2:0:1: Beginning Domain Validation
[    5.586145] scsi target2:0:1: Domain Validation skipping write tests
[    5.735879] scsi target2:0:1: Ending Domain Validation
[    5.736858] scsi target2:0:1: asynchronous
[    5.740798] sd 2:0:0:0: Attached scsi generic sg0 type 0
[    5.741761] sd 2:0:0:0: [sda] 20971520 512-byte logical blocks: (10.7 GB/10.0 GiB)
[    5.743583] sd 2:0:1:0: Attached scsi generic sg1 type 0
[    5.744737] sd 2:0:0:0: [sda] Write Protect is off
[    5.745699] sd 2:0:0:0: [sda] Incomplete mode parameter data
[    5.746650] sd 2:0:0:0: [sda] Assuming drive cache: write through
[    5.747690] sd 2:0:1:0: [sdb] 20480 512-byte logical blocks: (10.5 MB/10.0 MiB)
[    5.749485] sd 2:0:1:0: [sdb] Write Protect is off
[    5.750472] sd 2:0:1:0: [sdb] Incomplete mode parameter data
[    5.751421] sd 2:0:1:0: [sdb] Assuming drive cache: write through
[    5.768518]  sda: sda1
[    5.876380] sd 2:0:1:0: [sdb] Attached SCSI disk
[    5.915979] sd 2:0:0:0: [sda] Attached SCSI disk
[    6.400231] floppy0: no floppy controllers found
Begin: Loading e[    7.748158] md: linear personality registered for level -1
ssential drivers[    8.029428] md: multipath personality registered for level -4
 ... [    8.079730] md: raid0 personality registered for level 0
[    8.090189] md: raid1 personality registered for level 1
[    8.255103] raid6: sse2x1   gen()  9018 MB/s
[    8.455094] raid6: sse2x1   xor()  6969 MB/s
[    8.575095] raid6: sse2x2   gen() 11438 MB/s
[    8.695088] raid6: sse2x2   xor()  7734 MB/s
[    8.815101] raid6: sse2x4   gen() 10872 MB/s
[    8.905091] raid6: sse2x4   xor()  9083 MB/s
[    8.925905] raid6: using algorithm sse2x2 gen() 11438 MB/s
[    8.926862] raid6: .... xor() 7734 MB/s, rmw enabled
[    8.927751] raid6: using ssse3x2 recovery algorithm
[    8.931068] xor: automatically using best checksumming function:
[    9.055086]    avx       : 41771.000 MB/sec
[    9.068123] async_tx: api initialized (async)
[    9.096328] md: raid6 personality registered for level 6
[    9.116034] md: raid5 personality registered for level 5
[    9.116983] md: raid4 personality registered for level 4
[    9.129140] md: raid10 personality registered for level 10
done.
Begin: Running /scripts/init-premount ... done.
Begin: Mounting root file system ... Begin: Running /scripts/local-top ... done.
Begin: Running /scripts/local-premount ... [    9.179066] Btrfs loaded
Scanning for Btrfs filesystems
done.
Warning: fsck not present, so skipping root file system
[    9.251740] EXT4-fs (sda1): mounted filesystem with ordered data mode. Opts: (null)
done.
Begin: Running /scripts/local-bottom ... done.
Begin: Running /scripts/init-bottom ... done.
[   00.018955] systemd[1]: systemd 229 running in system mode. (+PAM +AUDIT +SELINUX +IMA +APPARMOR +SMACK +SYSVINIT +UTMP +LIBCRYPTSETUP +GCRYPT +GNUTLS +ACL +XZ -LZ4 +SECCOMP +BLKID +ELFUTILS +KMOD -IDN)
[   10.177687] systemd[1]: Detected virtualization oracle.
[   10.178597] systemd[1]: Detected architecture x86-64.

Welcome to [1mUbuntu 16.04.3 LTS[0m!

[   10.259222] systemd[1]: Set hostname to <ubuntu>.
[   10.309472] systemd[1]: Initializing machine ID from random generator.
[   10.356138] systemd[1]: Installed transient /etc/machine-id file.
[   10.377921] random: nonblocking pool is initialized
[   11.365387] systemd[1]: Started Forward Password Requests to Wall Directory Watch.
[[0;32m  OK  [0m] Started Forward Password Requests to Wall Directory Watch.
[   11.378762] systemd[1]: Reached target User and Group Name Lookups.
[[0;32m  OK  [0m] Reached target User and Group Name Lookups.
[   11.381319] systemd[1]: Listening on udev Control Socket.
[[0;32m  OK  [0m] Listening on udev Control Socket.
[   11.383300] systemd[1]: Listening on Syslog Socket.
[[0;32m  OK  [0m] Listening on Syslog Socket.
[   11.385285] systemd[1]: Set up automount Arbitrary Executable File Formats File System Automount Point.
[[0;32m  OK  [0m] Set up automount Arbitrary Executab...ats File System Automount Point.
[   11.388245] systemd[1]: Listening on /dev/initctl Compatibility Named Pipe.
[[0;32m  OK  [0m] Listening on /dev/initctl Compatibility Named Pipe.
[   11.390780] systemd[1]: Created slice User and Session Slice.
[[0;32m  OK  [0m] Created slice User and Session Slice.
[   11.392855] systemd[1]: Listening on udev Kernel Socket.
[[0;32m  OK  [0m] Listening on udev Kernel Socket.
[   11.394818] systemd[1]: Listening on Device-mapper event daemon FIFOs.
[[0;32m  OK  [0m] Listening on Device-mapper event daemon FIFOs.
[   11.397066] systemd[1]: Listening on Journal Socket (/dev/log).
[[0;32m  OK  [0m] Listening on Journal Socket (/dev/log).
[   11.399345] systemd[1]: Created slice System Slice.
[[0;32m  OK  [0m] Created slice System Slice.
[   11.401299] systemd[1]: Listening on Journal Audit Socket.
[[0;32m  OK  [0m] Listening on Journal Audit Socket.
[   11.403502] systemd[1]: Created slice system-serial\x2dgetty.slice.
[[0;32m  OK  [0m] Created slice system-serial\x2dgetty.slice.
[   11.405704] systemd[1]: Listening on Journal Socket.
[[0;32m  OK  [0m] Listening on Journal Socket.
[   11.408185] systemd[1]: Mounting POSIX Message Queue File System...
         Mounting POSIX Message Queue File System...
[   11.432047] systemd[1]: Starting Uncomplicated firewall...
         Starting Uncomplicated firewall...
[   11.499860] systemd[1]: Mounting Debug File System...
         Mounting Debug File System...
[   11.502563] systemd[1]: Starting Journal Service...
         Starting Journal Service...
[   11.629354] systemd[1]: Starting Set console keymap...
         Starting Set console keymap...
[   11.736290] systemd[1]: Reached target Encrypted Volumes.
[[0;32m  OK  [0m] Reached target Encrypted Volumes.
[   11.758010] systemd[1]: Starting Create list of required static device nodes for the current kernel...
         Starting Create list of required st... nodes for the current kernel...
[   11.781307] systemd[1]: Starting Remount Root and Kernel File Systems...
         Starting Remount Root and Kernel File Systems...
[   11.879580] systemd[1]: Reached target Swap.
[[0;32m  OK  [0m] Reached target Swap.
[   11.881442] systemd[1]: Listening on LVM2 metadata daemon socket.
[[0;32m  OK  [0m] Listening on LVM2 metadata daemon socket.
[   11.884240] systemd[1]: Starting Monitoring of LVM2 mirrors, snapshots etc. using dmeventd or progress polling...
         Starting Monitor[   11.897843] EXT4-fs (sda1): re-mounted. Opts: (null)
ing of LVM2 mirrors... dmeventd or progress polling...
[   11.936577] systemd[1]: Started Trigger resolvconf update for networkd DNS.
[[0;32m  OK  [0m] Started Trigger resolvconf update for networkd DNS.
[   11.980188] systemd[1]: Listening on LVM2 poll daemon socket.
[[0;32m  OK  [0m] Listening on LVM2 poll daemon socket.
[   12.050160] systemd[1]: Starting Load Kernel Modules...
         Starting Load Kernel Modules...
[   12.068424] systemd[1]: Reached target Slices.
[[0;32m  OK  [0m] Reached target Slices.
[   12.070930] systemd[1]: Mounting Huge Pages File System...
         Mounting Huge Pages File System...
[   12.079678] systemd[1]: Starting Nameserver information manager...
         Starting Nameserver information manager...
[   12.113427] systemd[1]: Mounted POSIX Message Queue File System.
[[0;32m  OK  [0m] Mounted POSIX Message Queue File System.
[   12.118168] systemd[1]: Mounted Debug File System.
[[0;32m  OK  [0m] Mounted Debug File System.
[   12.125904] systemd[1]: Mounted Huge Pages File System.
[[0;32m  OK  [0m] Mounted Huge Pages File System.
[   12.134208] systemd[1]: Started Journal Service.
[[0;32m  OK  [0m] Started Journal Service.
[[0;32m  OK  [0[   12.161005] Loading iSCSI transport class v2.0-870.
m] Started Uncomplicated firewall.
[[0;32m  OK  [0m] Started Set console keymap.
[[0;32m  OK  [0[   12.259476] iscsi: registered transport (tcp)
m] Started Create list of required sta...ce nodes for the current kernel.
[[0;32m  OK  [0m] Started Remount Root and Kernel File Systems.
[[0;32m  OK  [0m] Started Nameserver information manager.
[[0;32m  OK  [0m] Started LVM2 metadata daemon.
         Starting Initial cloud-init job (pre-networking)...
         Starting Load/Save Random Seed...
         Starting udev Coldplug all Devices...
         Starting Create Static Device Nodes in /dev...
         Starting Flush Journal to Persistent Storage...
[   12.505996] iscsi: registered transport (iser)
[[0;32m  OK  [0m] Started Load/Save Random Seed.
[[0;32m  OK  [0m] Started Load Kernel Modules.
         [   12.683553] systemd-journald[375]: Received request to flush runtime journal from PID 1
Mounting FUSE Control File System...
         Starting Apply Kernel Variables...
[[0;32m  OK  [0m] Mounted FUSE Control File System.
[[0;32m  OK  [0m] Started Flush Journal to Persistent Storage.
[[0;32m  OK  [0m] Started udev Coldplug all Devices.
[[0;32m  OK  [0m] Started Apply Kernel Variables.
[[0;32m  OK  [0m] Started Create Static Device Nodes in /dev.
         Starting udev Kernel Device Manager...
[[0;32m  OK  [0m] Started Monitoring of LVM2 mirrors,...ng dmeventd or progress polling.
[[0;32m  OK  [0m] Started udev Kernel Device Manager.
[[0;32m  OK  [0m] Started Dispatch Password Requests to Console Directory Watch.
[[0;32m  OK  [0m] Reached target Local File Systems (Pre).
[[0;32m  OK  [0m] Reached target Local File Systems.
         Starting Create Volatile Files and Directories...
         Starting Set console font and keymap...
         Starting Tell Plymouth To Write Out Runtime Data...
         Starting Commit a transient machine-id on disk...
         Starting LSB: AppArmor initialization...
[[0;32m  OK  [0m] Started Create Volatile Files and Directories.
[[0;32m  OK  [0m] Started Tell Plymouth To Write Out Runtime Data.
[[0;32m  OK  [0m] Started Commit a transient machine-id on disk.
[[0;32m  OK  [0m] Found device /dev/ttyS0.
[[0;32m  OK  [0m] Reached target System Time Synchronized.
         Starting Update UTMP about System Boot/Shutdown...
[[0;32m  OK  [0m] Started Update UTMP about System Boot/Shutdown.
[[0;32m  OK  [0m] Started Set console font and keymap.
[[0;32m  OK  [0m] Created slice system-getty.slice.
[[0;32m  OK  [0m] Listening on Load/Save RF Kill Switch Status /dev/rfkill Watch.
[[0;32m  OK  [0m] Started LSB: AppArmor initialization.
[   18.147841] cloud-init[423]: Cloud-init v. 0.7.9 running 'init-local' at Sat, 16 Sep 2017 19:19:23 +0000. Up 17.64 seconds.
[[0;32m  OK  [0m] Started Initial cloud-init job (pre-networking).
[[0;32m  OK  [0m] Reached target Network (Pre).
         Starting Raise network interfaces...
[[0;32m  OK  [0m] Started Raise network interfaces.
[[0;32m  OK  [0m] Reached target Network.
         Starting Initial cloud-init job (metadata service crawler)...
[   20.980867] cloud-init[937]: Cloud-init v. 0.7.9 running 'init' at Sat, 16 Sep 2017 19:19:24 +0000. Up 19.06 seconds.
[   21.108470] cloud-init[937]: ci-info: +++++++++++++++++++++++++++++++++++++Net device info++++++++++++++++++++++++++++++++++++++
[[0;32m  OK  [0m] Started Initial cloud-init job (metadata service crawler).[   21.168482] cloud-init[937]: ci-info: +--------+------+----------------------------+---------------+-------+-------------------+
[   21.169870] cloud-init[937]: ci-info: | Device |  Up  |          Address           |      Mask     | Scope |     Hw-Address    |
[   21.171226] cloud-init[937]: ci-info: +--------+------+----------------------------+---------------+-------+-------------------+
[[0;32m  OK  [0m] Reached target Network is Online.
         Starting iSCSI initiator daemon (iscsid)...
[[0;32m  OK  [0m] Reached target System Initialization.
[[0;32m  OK  [0m] Started Daily Cleanup of Temporary Directories.
[[0;32m  OK  [0m] Listening on ACPID Listen Socket.
[[0;32m  OK  [0m] Listening on D-Bus System Message Bus Socket.

[[0;32m  OK  [0m[   21.292239] cloud-init[937]: ci-info: |   lo   | True |         127.0.0.1          |   255.0.0.0   |   .   |         .         |
[   21.293377] cloud-init[937]: ci-info: |   lo   | True |          ::1/128           |       .       |  host |         .         |
[   21.293446] cloud-init[937]: ci-info: | enp0s3 | True |         10.0.2.15          | 255.255.255.0 |   .   | 02:6d:48:63:12:0d |
[   21.293498] cloud-init[937]: ci-info: | enp0s3 | True | fe80::6d:48ff:fe63:120d/64 |       .       |  link | 02:6d:48:63:12:0d |
[   21.293558] cloud-init[937]: ci-info: +--------+------+----------------------------+---------------+-------+-------------------+
[   21.293623] cloud-init[937]: ci-info: +++++++++++++++++++++++++++Route IPv4 info++++++++++++++++++++++++++++
[   21.293675] cloud-init[937]: ci-info: +-------+-------------+----------+---------------+-----------+-------+
[   21.293731] cloud-init[937]: ci-info: | Route | Destination | Gateway  |    Genmask    | Interface | Flags |
[   21.293789] cloud-init[937]: ci-info: +-------+-------------+----------+---------------+-----------+-------+
[   21.293842] cloud-init[937]: ci-info: |   0   |   0.0.0.0   | 10.0.2.2 |    0.0.0.0    |   enp0s3  |   UG  |
[   21.293899] cloud-init[937]: ci-info: |   1   |   10.0.2.0  | 0.0.0.0  | 255.255.255.0 |   enp0s3  |   U   |
[   21.293954] cloud-init[937]: ci-info: +-------+-------------+----------+---------------+-----------+-------+
[   21.294206] cloud-init[937]: Generating public/private rsa key pair.
[   21.294260] cloud-init[937]: Your identification has been saved in /etc/ssh/ssh_host_rsa_key.
[   21.294303] cloud-init[937]: Your public key has been saved in /etc/ssh/ssh_host_rsa_key.pub.
[   21.294353] cloud-init[937]: The key fingerprint is:
[   21.294394] cloud-init[937]: SHA256:E4lFM/sQyT/5rc8N/YjKfgjYl739Z4jZPL5lDittq0g root@ubuntu-xenial
[   21.294441] cloud-init[937]: The key's randomart image is:
[   21.294476] cloud-init[937]: +---[RSA 2048]----+
[   21.294516] cloud-init[937]: |       o*.       |
[   21.294564] cloud-init[937]: |       oo*       |
[   21.294602] cloud-init[937]: |      . =. .     |
[   21.294639] cloud-init[937]: |         ++      |
[   21.294672] cloud-init[937]: |       oS .= .   |
[   21.294704] cloud-init[937]: |      . o.o o .. |
[   21.294736] cloud-init[937]: |         oE. Xo.+|
[   21.294771] cloud-init[937]: |         o..BoOX+|
[   21.294820] cloud-init[937]: |         .=oo*O**|
[   21.294854] cloud-init[937]: +----[SHA256]-----+
[   21.294902] cloud-init[937]: Generating public/private dsa key pair.
[   21.294938] cloud-init[937]: Your identification has been saved in /etc/ssh/ssh_host_dsa_key.
[   21.294976] cloud-init[937]: Your public key has been saved in /etc/ssh/ssh_host_dsa_key.pub.
[   21.295025] cloud-init[937]: The key fingerprint is:
[   21.295086] cloud-init[937]: SHA256:oNQUP4tdvkcWGKi61kRJTsNbrIhZLooKmJFsVtZvMjs root@ubuntu-xenial
[   21.295156] cloud-init[937]: The key's randomart image is:
[   21.295221] cloud-init[937]: +---[DSA 1024]----+
[   21.295289] cloud-init[937]: |    ..oo ..      |
[   21.295358] cloud-init[937]: |   o.+=.+  o     |
[   21.295400] cloud-init[937]: |..o=.=+Bo o .    |
[   21.295439] cloud-init[937]: |o++.o+B* =   .   |
[   21.295491] cloud-init[937]: |=+ ..o* S . o    |
[   21.295528] cloud-init[937]: |*   .E.    +     |
[   21.295581] cloud-init[937]: |o    +.   . .    |
[   21.295620] cloud-init[937]: |.   o .    .     |
[   21.295657] cloud-init[937]: |   .             |
[   21.295707] cloud-init[937]: +----[SHA256]-----+
[   21.295743] cloud-init[937]: Generating public/private ecdsa key pair.
[   21.295788] cloud-init[937]: Your identification has been saved in /etc/ssh/ssh_host_ecdsa_key.
[   21.295829] cloud-init[937]: Your public key has been saved in /etc/ssh/ssh_host_ecdsa_key.pub.
[   21.295861] cloud-init[937]: The key fingerprint is:
[   21.295893] cloud-init[937]: SHA256:v8VsBirW60aC8mpITLsK058paZSMfPy9kDXSKT0cbjs root@ubuntu-xenial
[   21.295924] cloud-init[937]: The key's randomart image is:
[   21.295954] cloud-init[937]: +---[ECDSA 256]---+
[   21.296047] cloud-init[937]: |                 |] Started ACPI Events Check.
[[0;32m  OK  [0m] Reached target Paths.
         Starting Socket activation for snappy daemon.
[[0;32m  OK  [0m] Listening on UUID daemon activation socket.
[[0;32m  OK  [0m] Started Timer to automatically fetch and run repair assertions.
[[0;32m  OK  [0m] Started Timer to automatically refresh installed snaps.
[   21.352295] cloud-init[937]: |                 |
[   21.353068] cloud-init[937]: |       .         |
[   21.353848] cloud-init[937]: | .    = o        |
[   21.354591] cloud-init[937]: |+oo. + @S .      |
[   21.354793] cloud-init[937]: |.*=o. B.=o +     |
[   21.354828] cloud-init[937]: |+o++.o+Eo . *    |
[   21.354861] cloud-init[937]: |oo=..=.oo. =     |
[   21.354892] cloud-init[937]: |oo.o+  ++ .      |
[   21.354924] cloud-init[937]: +----[SHA256]-----+
[   21.354955] cloud-init[937]: Generating public/private ed25519 key pair.
[   21.354989] cloud-init[937]: Your identification has been saved in /etc/ssh/ssh_host_ed25519_key.
[   21.355027] cloud-init[937]: Your public key has been saved in /etc/ssh/ssh_host_ed25519_key.pub.
[   21.355061] cloud-init[937]: The key fingerprint is:
[   21.355093] cloud-init[937]: SHA256:E5ebzoGy/xJwrVrEWqYL4DrVRd7faAeNgTOgTFSzwGk root@ubuntu-xenial
[   21.355125] cloud-init[937]: The key's randomart image is:
[   21.355156] cloud-init[937]: +--[ED25519 256]--+
[   21.355187] cloud-init[937]: |   o+o+. .       |
[   21.355218] cloud-init[937]: |   oEo.o+ ..     |
[   21.355250] cloud-init[937]: |   .oo.o.+o+     |
[   21.355282] cloud-init[937]: |  .   + B++o.    |
[   21.355314] cloud-init[937]: | . o ..OSo++     |
[   21.355345] cloud-init[937]: |  o o oo+++.o    |
[   21.355377] cloud-init[937]: | o   ..+ oo.     |
[   21.355410] cloud-init[937]: |o     o..        |
[   21.355655] cloud-init[937]: | .      .o.      |
[   21.355698] cloud-init[937]: +----[SHA256]-----+

         Starting LXD - unix socket.
[[0;32m  OK  [0m] Started Daily apt download activities.
[[0;32m  OK  [0m] Started Daily apt upgrade and clean activities.
[[0;32m  OK  [0m] Reached target Timers.
[[0;32m  OK  [0m] Reached target Cloud-config availability.
[[0;32m  OK  [0m] Listening on Socket activation for snappy daemon.
[[0;32m  OK  [0m] Listening on LXD - unix socket.
[[0;32m  OK  [0m] Reached target Sockets.
[[0;32m  OK  [0m] Reached target Basic System.
         Starting System Logging Service...
[[0;32m  OK  [0m] Started Deferred execution scheduler.
[[0;32m  OK  [0m] Started Unattended Upgrades Shutdown.
         Starting LSB: MD monitoring daemon...
[[0;32m  OK  [0m] Started ACPI event daemon.
[[0;32m  OK  [0m] Started Regular background program processing daemon.
         Starting LXD - container startup/shutdown...
         Starting Login Service...
         Starting LSB: Record successful boot for GRUB...
[[0;32m  OK  [0m] Started D-Bus System Message Bus.
         Starting Accounts Service...
         Starting Apply the settings specified in cloud-config...
         Starting Pollinate to seed the pseudo random number generator...
         Starting /etc/rc.local Compatibility...
[[0;32m  OK  [0m] Started FUSE filesystem for LXC.
         Starting Snappy daemon...
[[0;32m  OK  [0m] Started System Logging Service.
[[0;32m  OK  [0m] Started iSCSI initiator daemon (iscsid).
[[0;32m  OK  [0m] Started /etc/rc.local Compatibility.
         Starting Login to default iSCSI targets...
[[0;32m  OK  [0m] Started Login Service.
[[0;32m  OK  [0m] Started LSB: Record successful boot for GRUB.
[[0;32m  OK  [0m] Started LSB: MD monitoring daemon.
[[0;32m  OK  [0m] Started Login to default iSCSI targets.
[[0;32m  OK  [0m] Reached target Remote File Systems (Pre).
[[0;32m  OK  [0m] Reached target Remote File Systems.
         Starting LSB: VirtualBox Linux Additions...
         Starting LSB: Set the CPU Frequency Scaling governor to "ondemand"...
         Starting LSB: automatic crash report generation...
         Starting LSB: daemon to balance interrupts for SMP systems...
         Starting Permit User Sessions...
[[0;32m  OK  [0m] Started LSB: Set the CPU Frequency Scaling governor to "ondemand".
[[0;32m  OK  [0m] Started Permit User Sessions.
         Starting Terminate Plymouth Boot Screen...
         Starting Hold until boot process finishes up...
[[0;32m  OK  [0m] Started Terminate Plymouth Boot Screen.
[[0;32m  OK  [0m] Started Hold until boot process finishes up.
         Starting Set console scheme...
[[0;32m  OK  [0m] Started Serial Getty on ttyS0.
[[0;32m  OK  [0m] Started Getty on tty1.
[[0;32m  OK  [0m] Reached target Login Prompts.
[[0;32m  OK  [0m] Started LSB: daemon to balance interrupts for SMP systems.
[[0;32m  OK  [0m] Started LSB: automatic crash report generation.
[[0;32m  OK  [0m] Started Set console scheme.
[   23.540941] cloud-init[1075]: Generating locales (this might take a while)...
         Starting Authenticate and Authorize Users to Run Privileged Tasks...
[[0;32m  OK  [0m] Started LSB: VirtualBox Linux Additions.
[[0;32m  OK  [0m] Started Authenticate and Authorize Users to Run Privileged Tasks.
[[0;32m  OK  [0m] Started Accounts Service.
[[0;32m  OK  [0m] Started LXD - container startup/shutdown.
[[0;32m  OK  [0m] Started Snappy daemon.
         Starting Auto import assertions from block devices...
[[0;32m  OK  [0m] Started Auto import assertions from block devices.
[   25.835673] cloud-init[1075]:   en_US.UTF-8... done
[   25.876633] cloud-init[1075]: Generation complete.
[[0;32m  OK  [0m] Started Pollinate to seed the pseudo random number generator.
         Starting OpenBSD Secure Shell server...
[[0;32m  OK  [0m] Started OpenBSD Secure Shell server.
[[0;32m  OK  [0m] Reached target Multi-User System.
[[0;32m  OK  [0m] Reached target Graphical Interface.
         Starting Update UTMP about System Runlevel Changes...
[[0;32m  OK  [0m] Started Update UTMP about System Runlevel Changes.
         Stopping OpenBSD Secure Shell server...
[[0;32m  OK  [0m] Stopped OpenBSD Secure Shell server.
         Starting OpenBSD Secure Shell server...
[[0;32m  OK  [0m] Started OpenBSD Secure Shell server.
[[0;32m  OK  [0m] Created slice User Slice of ubuntu.
         Starting User Manager for UID 1000...
[[0;32m  OK  [0m] Started Session 1 of user ubuntu.
[[0;32m  OK  [0m] Started User Manager for UID 1000.
[   27.946570] cloud-init[1075]: Cloud-init v. 0.7.9 running 'modules:config' at Sat, 16 Sep 2017 19:19:28 +0000. Up 22.60 seconds.
[[0;32m  OK  [0m] Started Apply the settings specified in cloud-config.
         Starting Execute cloud user/final scripts...
ci-info: no authorized ssh keys fingerprints found for user ubuntu.
<14>Sep 16 19:19:34 ec2: 
<14>Sep 16 19:19:34 ec2: #############################################################
<14>Sep 16 19:19:34 ec2: -----BEGIN SSH HOST KEY FINGERPRINTS-----
<14>Sep 16 19:19:34 ec2: 1024 SHA256:oNQUP4tdvkcWGKi61kRJTsNbrIhZLooKmJFsVtZvMjs root@ubuntu-xenial (DSA)
<14>Sep 16 19:19:34 ec2: 256 SHA256:v8VsBirW60aC8mpITLsK058paZSMfPy9kDXSKT0cbjs root@ubuntu-xenial (ECDSA)
<14>Sep 16 19:19:34 ec2: 256 SHA256:E5ebzoGy/xJwrVrEWqYL4DrVRd7faAeNgTOgTFSzwGk root@ubuntu-xenial (ED25519)
<14>Sep 16 19:19:34 ec2: 2048 SHA256:E4lFM/sQyT/5rc8N/YjKfgjYl739Z4jZPL5lDittq0g root@ubuntu-xenial (RSA)
<14>Sep 16 19:19:34 ec2: -----END SSH HOST KEY FINGERPRINTS-----
<14>Sep 16 19:19:34 ec2: #############################################################
-----BEGIN SSH HOST KEY KEYS-----
ecdsa-sha2-nistp256 AAAAE2VjZHNhLXNoYTItbmlzdHAyNTYAAAAIbmlzdHAyNTYAAABBBJ78rlVEDJHQXGoIME3PFDQPMBt2l6xLaZiUNGPByB3B3p8UbMsXKEo867rLM1gcBIvKaesPb1nX+NLkfot9YZY= root@ubuntu-xenial
ssh-ed25519 AAAAC3NzaC1lZDI1NTE5AAAAIC/PgObXw1oMMIVFqyrB9EKAlJsFalMrIWLyXTTpngTu root@ubuntu-xenial
ssh-rsa AAAAB3NzaC1yc2EAAAADAQABAAABAQDA7Wbds8u815JQ1HBm5VL6XDO+5TZhLS7+1R6URNxpUhvoIb2NQ3v3EctRHKEKQakfpULvskm7a5NXI5Ma5IR3NVqK8Hb64MHgiwrMZQ1k5PW6++D0RzZQcC2DN2P3/DYxPvtfCnsGbZ1Rijzu4L8c8Eb8c2RFp6WigqVA3QNjYbfWjgE2aDOCEFACskzs77HzvVlkimRC6UpVQxsg7fnqgGtazLnsgx7yWHTmWrZOFrbmJkOroSL94hol2UXRh+LWjnrhMgb0W46fyfKOkPKwFoOO8LInv5CjOQmAYEzMtnw6DDRpuNVEB9vD8kzR9cHVRLuErjfD3yT6smPArsjL root@ubuntu-xenial
-----END SSH HOST KEY KEYS-----
[   28.734059] cloud-init[1380]: Cloud-init v. 0.7.9 running 'modules:final' at Sat, 16 Sep 2017 19:19:34 +0000. Up 28.42 seconds.
[   28.734227] cloud-init[1380]: ci-info: no authorized ssh keys fingerprints found for user ubuntu.
[   28.734320] cloud-init[1380]: Cloud-init v. 0.7.9 finished at Sat, 16 Sep 2017 19:19:34 +0000. Datasource DataSourceNoCloud [seed=/dev/sdb][dsmode=net].  Up 28.72 seconds

Ubuntu 16.04.3 LTS ubuntu-xenial ttyS0

ubuntu-xenial login: 